<?xml version="1.0" encoding="UTF-8"?>
<!-- Generated by org.testng.reporters.JUnitXMLReporter -->
<testsuite hostname="hp" ignored="0" name="Test" tests="9" failures="0" timestamp="29 Dec 2021 08:31:11 GMT" time="0.335" errors="0">
  <testcase name="tc3000" time="0.077" classname="org.test.Parallel3"/>
  <testcase name="tc1" time="0.074" classname="org.test.Parellel"/>
  <testcase name="tc2" time="0.086" classname="org.test.Parellel"/>
  <testcase name="tc2000" time="0.086" classname="org.test.Parallel3"/>
  <testcase name="tc1000" time="0.087" classname="org.test.Parallel3"/>
  <testcase name="tc3" time="0.005" classname="org.test.Parellel"/>
  <testcase name="tc100" time="0.004" classname="org.test.Parellel2"/>
  <testcase name="tc300" time="0.006" classname="org.test.Parellel2"/>
  <testcase name="tc200" time="0.029" classname="org.test.Parellel2"/>
</testsuite> <!-- Test -->
